<?xml version="1.0" encoding="UTF-8"?>
<testsuite xmlns:xsi="http://www.w3.org/2001/XMLSchema-instance" xsi:schemaLocation="https://maven.apache.org/surefire/maven-surefire-plugin/xsd/surefire-test-report.xsd" name="TestSuite" time="16.334" tests="1" errors="0" skipped="0" failures="1">
  <properties>
    <property name="java.runtime.name" value="OpenJDK Runtime Environment"/>
    <property name="sun.boot.library.path" value="C:\Users\qxy1677\Downloads\starter-package\tools\jdk\jre\bin"/>
    <property name="java.vm.version" value="25.192-b01"/>
    <property name="java.vm.vendor" value="Azul Systems, Inc."/>
    <property name="maven.multiModuleProjectDirectory" value="C:\Users\qxy1677\Downloads\starter-package\eclipse-workspace\LogIn"/>
    <property name="java.vendor.url" value="http://www.azulsystems.com/"/>
    <property name="path.separator" value=";"/>
    <property name="guice.disable.misplaced.annotation.check" value="true"/>
    <property name="java.vm.name" value="OpenJDK 64-Bit Server VM"/>
    <property name="file.encoding.pkg" value="sun.io"/>
    <property name="user.script" value=""/>
    <property name="user.country" value="GB"/>
    <property name="sun.java.launcher" value="SUN_STANDARD"/>
    <property name="sun.os.patch.level" value="Service Pack 1"/>
    <property name="java.vm.specification.name" value="Java Virtual Machine Specification"/>
    <property name="user.dir" value="C:\Users\qxy1677\Downloads\starter-package\eclipse-workspace\LogIn"/>
    <property name="java.runtime.version" value="1.8.0_192-b01"/>
    <property name="java.awt.graphicsenv" value="sun.awt.Win32GraphicsEnvironment"/>
    <property name="java.endorsed.dirs" value="C:\Users\qxy1677\Downloads\starter-package\tools\jdk\jre\lib\endorsed"/>
    <property name="os.arch" value="amd64"/>
    <property name="java.io.tmpdir" value="C:\Users\qxy1677\AppData\Local\Temp\"/>
    <property name="line.separator" value="&#10;"/>
    <property name="java.vm.specification.vendor" value="Oracle Corporation"/>
    <property name="user.variant" value=""/>
    <property name="os.name" value="Windows 7"/>
    <property name="classworlds.conf" value="C:\Users\qxy1677\Downloads\starter-package\eclipse-workspace\.metadata\.plugins\org.eclipse.m2e.launching\launches\m2conf465584756075940692.tmp"/>
    <property name="sun.jnu.encoding" value="Cp1252"/>
    <property name="java.library.path" value="C:\Users\qxy1677\Downloads\starter-package\tools\jdk\bin;C:\Windows\Sun\Java\bin;C:\Windows\system32;C:\Windows;C:/Users/qxy1677/Downloads/starter-package//tools/jdk/bin/../jre/bin/server;C:/Users/qxy1677/Downloads/starter-package//tools/jdk/bin/../jre/bin;C:/Users/qxy1677/Downloads/starter-package//tools/jdk/bin/../jre/lib/amd64;C:\ProgramData\Oracle\Java\javapath;C:\Program Files\Common Files\Microsoft Shared\Microsoft Online Services;C:\Program Files (x86)\Common Files\Microsoft Shared\Microsoft Online Services;C:\Windows\system32;C:\Windows;C:\Windows\System32\Wbem;C:\Windows\System32\WindowsPowerShell\v1.0\;c:\Program Files (x86)\Microsoft Application Virtualization Client;C:\Windows\System32\WindowsPowerShell\v1.0\;C:\Program Files\Common Files\ThinPrint\;C:\Windows\System32\WindowsPowerShell\v1.0\;C:\Windows\System32\WindowsPowerShell\v1.0\;C:\Users\qxy1677\Downloads\starter-package\\tools\jdk\bin;C:\Users\qxy1677\Downloads\starter-package;;."/>
    <property name="java.specification.name" value="Java Platform API Specification"/>
    <property name="java.class.version" value="52.0"/>
    <property name="sun.management.compiler" value="HotSpot 64-Bit Tiered Compilers"/>
    <property name="os.version" value="6.1"/>
    <property name="user.home" value="C:\Users\qxy1677"/>
    <property name="user.timezone" value="Europe/Berlin"/>
    <property name="java.awt.printerjob" value="sun.awt.windows.WPrinterJob"/>
    <property name="java.specification.version" value="1.8"/>
    <property name="file.encoding" value="Cp1252"/>
    <property name="user.name" value="qxy1677"/>
    <property name="java.class.path" value="C:\Users\qxy1677\Downloads\starter-package\tools\apache-maven-3.5.4\boot\plexus-classworlds-2.5.2.jar"/>
    <property name="java.vm.specification.version" value="1.8"/>
    <property name="sun.arch.data.model" value="64"/>
    <property name="java.home" value="C:\Users\qxy1677\Downloads\starter-package\tools\jdk\jre"/>
    <property name="sun.java.command" value="org.codehaus.plexus.classworlds.launcher.Launcher -B -gs C:\Users\qxy1677\Downloads\starter-package\maven-settings.xml test"/>
    <property name="java.specification.vendor" value="Oracle Corporation"/>
    <property name="user.language" value="en"/>
    <property name="awt.toolkit" value="sun.awt.windows.WToolkit"/>
    <property name="java.vm.info" value="mixed mode"/>
    <property name="java.version" value="1.8.0_192"/>
    <property name="java.ext.dirs" value="C:\Users\qxy1677\Downloads\starter-package\tools\jdk\jre\lib\ext;C:\Windows\Sun\Java\lib\ext"/>
    <property name="sun.boot.class.path" value="C:\Users\qxy1677\Downloads\starter-package\tools\jdk\jre\lib\resources.jar;C:\Users\qxy1677\Downloads\starter-package\tools\jdk\jre\lib\rt.jar;C:\Users\qxy1677\Downloads\starter-package\tools\jdk\jre\lib\sunrsasign.jar;C:\Users\qxy1677\Downloads\starter-package\tools\jdk\jre\lib\jsse.jar;C:\Users\qxy1677\Downloads\starter-package\tools\jdk\jre\lib\jce.jar;C:\Users\qxy1677\Downloads\starter-package\tools\jdk\jre\lib\charsets.jar;C:\Users\qxy1677\Downloads\starter-package\tools\jdk\jre\lib\jfr.jar;C:\Users\qxy1677\Downloads\starter-package\tools\jdk\jre\classes"/>
    <property name="java.vendor" value="Azul Systems, Inc."/>
    <property name="maven.home" value="C:\Users\qxy1677\Downloads\starter-package\eclipse-workspace\LogIn\tools\apache-maven-3.5.4"/>
    <property name="file.separator" value="\"/>
    <property name="java.vendor.url.bug" value="http://www.azulsystems.com/support/"/>
    <property name="sun.cpu.endian" value="little"/>
    <property name="sun.io.unicode.encoding" value="UnicodeLittle"/>
    <property name="sun.desktop" value="windows"/>
    <property name="sun.cpu.isalist" value="amd64"/>
  </properties>
  <testcase name="runScenario" classname="acceptancetests.runner.TestRunner" time="15.296">
    <failure message="Invalid field!" type="java.lang.IllegalArgumentException">java.lang.IllegalArgumentException: Invalid field!
</failure>
    <system-out><![CDATA[17:37:17.153 [main] INFO acceptancetests.steps.Hook - Starting Scenario: add entries for CRS7.LogIn
17:37:20.713 [main] INFO acceptancetests.steps.Hook - Video URL: http://seleniumbox.bmwgroup.net/videos/55b4fabd28e04113655fddca040c4a56.mp4
17:37:20.713 [main] INFO acceptancetests.steps.Hook - Live View URL:  http://seleniumbox.bmwgroup.net/ui/liveview?session=55b4fabd28e04113655fddca040c4a56
17:37:32.207 [main] ERROR acceptancetests.steps.Hook - Failed scenario: add entries for CRS7.LogIn
]]></system-out>
    <system-err><![CDATA[Feb 25, 2019 5:37:17 PM org.openqa.selenium.remote.DesiredCapabilities chrome
INFO: Using `new ChromeOptions()` is preferred to `DesiredCapabilities.chrome()`
Feb 25, 2019 5:37:20 PM org.openqa.selenium.remote.ProtocolHandshake createSession
INFO: Detected dialect: OSS
]]></system-err>
  </testcase>
</testsuite>